0 info it worked if it ends with ok
1 verbose cli [
1 verbose cli   '/home/vivcolvmn/.nvm/versions/node/v16.20.1/bin/node',
1 verbose cli   '/home/vivcolvmn/Personal projects/tests/colvmn-v/node_modules/.bin/npm',
1 verbose cli   'run',
1 verbose cli   'server'
1 verbose cli ]
2 info using npm@2.15.12
3 info using node@v16.20.1
4 verbose run-script [ 'preserver', 'server', 'postserver' ]
5 info preserver colvmn-v@1.0.0
6 info server colvmn-v@1.0.0
7 verbose unsafe-perm in lifecycle true
8 info colvmn-v@1.0.0 Failed to exec server script
9 verbose stack Error: colvmn-v@1.0.0 server: `server.js`
9 verbose stack spawn ENOENT
9 verbose stack     at ChildProcess.<anonymous> (/home/vivcolvmn/Personal projects/tests/colvmn-v/node_modules/npm/lib/utils/spawn.js:17:16)
9 verbose stack     at ChildProcess.emit (node:events:513:28)
9 verbose stack     at maybeClose (node:internal/child_process:1100:16)
9 verbose stack     at Process.ChildProcess._handle.onexit (node:internal/child_process:304:5)
10 verbose pkgid colvmn-v@1.0.0
11 verbose cwd /home/vivcolvmn/Personal projects/tests/colvmn-v
12 error Linux 5.15.153.1-microsoft-standard-WSL2
13 error argv "/home/vivcolvmn/.nvm/versions/node/v16.20.1/bin/node" "/home/vivcolvmn/Personal projects/tests/colvmn-v/node_modules/.bin/npm" "run" "server"
14 error node v16.20.1
15 error npm  v2.15.12
16 error file sh
17 error code ELIFECYCLE
18 error errno ENOENT
19 error syscall spawn
20 error colvmn-v@1.0.0 server: `server.js`
20 error spawn ENOENT
21 error Failed at the colvmn-v@1.0.0 server script 'server.js'.
21 error This is most likely a problem with the colvmn-v package,
21 error not with npm itself.
21 error Tell the author that this fails on your system:
21 error     server.js
21 error You can get information on how to open an issue for this project with:
21 error     npm bugs colvmn-v
21 error Or if that isn't available, you can get their info via:
21 error
21 error     npm owner ls colvmn-v
21 error There is likely additional logging output above.
22 verbose exit [ 1, true ]
